[Message:   BepInEx] Chainloader ready
[Message:   BepInEx] Chainloader started
[Info   :   BepInEx] 30 plugins to load
[Warning:   BepInEx] Skipping [Rein Assembly-PreLoad 2.0.0.26] because a newer version exists (Rein Assembly-PreLoad 2.0.0.31)
[Info   :   BepInEx] Loading [Rein Assembly-PreLoad 2.0.0.31]
[Message:  ReinCore] NetworkCore successfully loaded
[Message:  ReinCore] ReinCore successfully loaded
[Info   :   BepInEx] Loading [ReviveAfterBoss 1.0.0]
[Error  : Unity Log] FileNotFoundException: Could not load file or assembly 'MMHOOK_Assembly-CSharp, Version=0.0.0.0, Culture=neutral, PublicKeyToken=null' or one of its dependencies.
Stack trace:
UnityEngine.GameObject:AddComponent(Type)
BepInEx.Bootstrap.Chainloader:Start()
UnityEngine.Application:.cctor()
RoR2.SkinDef:Awake()

[Info   :   BepInEx] Loading [R2API 2.5.14]
[Debug  :     R2API] Hook added by assembly: R2API.dll for: RoR2.UnitySystemConsoleRedirector.Redirect
[Info   :     R2API] Enabling R2API Submodule: BuffAPI
[Info   :     R2API] Enabling R2API Submodule: DifficultyAPI
[Info   :     R2API] Enabling R2API Submodule: DirectorAPI
[Info   :     R2API] Enabling R2API Submodule: DotAPI
[Info   :     R2API] Enabling R2API Submodule: EffectAPI
[Info   :     R2API] Enabling R2API Submodule: EntityAPI
[Info   :     R2API] Enabling R2API Submodule: ItemDropAPI
[Info   :     R2API] Enabling R2API Submodule: LanguageAPI
[Info   :     R2API] Enabling R2API Submodule: LoadoutAPI
[Info   :     R2API] Enabling R2API Submodule: PrefabAPI
[Info   :     R2API] Enabling R2API Submodule: ResourcesAPI
[Info   :     R2API] Enabling R2API Submodule: SoundAPI
[Info   :     R2API] Enabling R2API Submodule: SurvivorAPI
[Info   :     R2API] Enabling R2API Submodule: UnlockablesAPI
[Info   :     R2API] Enabling R2API Submodule: CommandHelper
[Info   :     R2API] Enabling R2API Submodule: NetworkingAPI
[Debug  :     R2API] Hook added by assembly: R2API.dll for: RoR2.BuffCatalog.Init
[Debug  :     R2API] Hook added by assembly:  for: RoR2.BuffCatalog.Init
[Debug  :     R2API] Hook added by assembly: R2API.dll for: RoR2.DifficultyCatalog.GetDifficultyDef
[Debug  :     R2API] Hook added by assembly: R2API.dll for: RoR2.RuleDef.FromDifficulty
[Debug  :     R2API] Hook added by assembly: R2API.dll for: RoR2.ClassicStageInfo.Awake
[Debug  :     R2API] Hook added by assembly: R2API.dll for: RoR2.DotController.Awake
[Debug  :     R2API] Hook added by assembly:  for: RoR2.DotController.Awake
[Debug  :     R2API] Hook added by assembly: R2API.dll for: RoR2.DotController.Awake
[Debug  :     R2API] Hook added by assembly: R2API.dll for: RoR2.DotController.OnDestroy
[Debug  :     R2API] Hook added by assembly: R2API.dll for: RoR2.DotController.GetDotDef
[Debug  :     R2API] Hook added by assembly: R2API.dll for: RoR2.DotController.FixedUpdate
[Debug  :     R2API] Hook added by assembly: R2API.dll for: RoR2.DotController.AddDot
[Debug  :     R2API] Hook added by assembly:  for: RoR2.DotController.AddDot
[Debug  :     R2API] Hook added by assembly: R2API.dll for: RoR2.DotController.HasDotActive
[Debug  :     R2API] Hook added by assembly: R2API.dll for: RoR2.EffectCatalog.GetDefaultEffectDefs
[Debug  :     R2API] Hook added by assembly: R2API.dll for: EntityStates.SerializableEntityStateType.set_stateType
[Debug  :     R2API] Hook added by assembly: R2API.dll for: EntityStates.SerializableEntityStateType.set_typeName
[Debug  :     R2API] Hook added by assembly: R2API.dll for: RoR2.BossGroup.DropRewards
[Debug  :     R2API] Hook added by assembly:  for: RoR2.BossGroup.DropRewards
[Debug  :     R2API] Hook added by assembly: R2API.dll for: RoR2.ShrineChanceBehavior.AddShrineStack
[Debug  :     R2API] Hook added by assembly:  for: RoR2.ShrineChanceBehavior.AddShrineStack
[Debug  :     R2API] Hook added by assembly: R2API.dll for: RoR2.Run.BuildDropTable
[Debug  :     R2API] Hook added by assembly: R2API.dll for: EntityStates.SerializableEntityStateType.set_stateType
[Debug  :     R2API] Hook added by assembly: R2API.dll for: EntityStates.SerializableEntityStateType.set_typeName
[Debug  :     R2API] Hook added by assembly: R2API.dll for: UnityEngine.Resources.Load
[Debug  :     R2API] Hook added by assembly: R2API.dll for: UnityEngine.Resources.LoadAsyncInternal
[Debug  :     R2API] Hook added by assembly: R2API.dll for: UnityEngine.Resources.LoadAll
[Debug  :     R2API] Hook added by assembly: R2API.dll for: RoR2.RoR2Application.OnLoad
[Debug  :     R2API] Hook added by assembly: R2API.dll for: RoR2.SurvivorCatalog.Init
[Debug  :     R2API] Hook added by assembly: R2API.dll for: RoR2.CharacterSelectBarController.Build
[Debug  :     R2API] Hook added by assembly:  for: RoR2.CharacterSelectBarController.Build
[Debug  :     R2API] Hook added by assembly: R2API.dll for: RoR2.AchievementManager.CollectAchievementDefs
[Debug  :     R2API] Hook added by assembly:  for: RoR2.AchievementManager.CollectAchievementDefs
[Debug  :     R2API] Hook added by assembly: R2API.dll for: RoR2.UnlockableCatalog.Init
[Debug  :     R2API] Hook added by assembly:  for: RoR2.UnlockableCatalog.Init
[Debug  :     R2API] Hook added by assembly: R2API.dll for: RoR2.EclipseRun.GetEclipseBaseUnlockableString
[Debug  :     R2API] Hook added by assembly: R2API.dll for: RoR2.UI.EclipseRunScreenController.SelectSurvivor
[Debug  :     R2API] Hook added by assembly:  for: RoR2.UI.EclipseRunScreenController.SelectSurvivor
[Debug  :     R2API] Hook added by assembly: R2API.dll for: RoR2.Console.InitConVars
[Debug  :     R2API] BuffAPI has no static method registered for Load
[Debug  :     R2API] DifficultyAPI has no static method registered for Load
[Debug  :     R2API] DirectorAPI has no static method registered for Load
[Debug  :     R2API] DotAPI has no static method registered for Load
[Debug  :     R2API] EffectAPI has no static method registered for Load
[Debug  :     R2API] EntityAPI has no static method registered for Load
[Debug  :     R2API] ItemDropAPI has no static method registered for Load
[Debug  :     R2API] LanguageAPI has no static method registered for Load
[Debug  :     R2API] LoadoutAPI has no static method registered for Load
[Debug  :     R2API] PrefabAPI has no static method registered for Load
[Debug  :     R2API] ResourcesAPI has no static method registered for Load
[Debug  :     R2API] SoundAPI has no static method registered for Load
[Debug  :     R2API] SurvivorAPI has no static method registered for Load
[Debug  :     R2API] UnlockablesAPI has no static method registered for Load
[Debug  :     R2API] CommandHelper has no static method registered for Load
[Debug  :     R2API] NetworkingAPI has no static method registered for Load
[Debug  :     R2API] Hook added by assembly: R2API.dll for: RoR2.DisableIfGameModded.OnEnable
[Debug  :     R2API] Hook added by assembly: R2API.dll for: RoR2.SteamworksLobbyDataGenerator.RebuildLobbyData
[Debug  :     R2API] Hook added by assembly:  for: RoR2.SteamworksLobbyDataGenerator.RebuildLobbyData
[Info   :   BepInEx] Loading [Increasing Chance Shrine Returns 1.0.0]
[Debug  :     R2API] Hook added by assembly: IncreasingChanceShrineReturns.dll for: RoR2.Console.Awake
[Debug  :     R2API] Hook added by assembly: IncreasingChanceShrineReturns.dll for: RoR2.ShrineChanceBehavior.AddShrineStack
[Debug  :     R2API] Hook added by assembly: IncreasingChanceShrineReturns.dll for: RoR2.Stage.Start
[Info   :   BepInEx] Loading [ScalingBloodShrines 1.0.0]
[Debug  :     R2API] Hook added by assembly: ScalingBloodShrines.dll for: RoR2.ShrineBloodBehavior.Start
[Info   :   BepInEx] Loading [WaxQuailMultiJump 1.0.1]
[Debug  :     R2API] Hook added by assembly: WaxQuailMultiJump.dll for: EntityStates.GenericCharacterMain.ProcessJump
[Debug  :     R2API] Hook added by assembly:  for: EntityStates.GenericCharacterMain.ProcessJump
[Info   :   BepInEx] Loading [Enforcer 1.1.2]
[Debug  :     R2API] Hook added by assembly: R2API.dll for: RoR2.Util.IsPrefab
[Debug  :     R2API] Hook added by assembly: R2API.dll for: RoR2.SkinDef.Awake
[Debug  :     R2API] Hook removed by assembly: R2API.dll for: RoR2.SkinDef.Awake
[Debug  :     R2API] Hook added by assembly: R2API.dll for: RoR2.SkinDef.Awake
[Debug  :     R2API] Hook removed by assembly: R2API.dll for: RoR2.SkinDef.Awake
[Debug  :     R2API] Hook added by assembly: R2API.dll for: RoR2.SkinDef.Awake
[Debug  :     R2API] Hook removed by assembly: R2API.dll for: RoR2.SkinDef.Awake
[Debug  :     R2API] Hook added by assembly: R2API.dll for: RoR2.SkinDef.Awake
[Debug  :     R2API] Hook removed by assembly: R2API.dll for: RoR2.SkinDef.Awake
[Debug  :     R2API] Hook added by assembly: R2API.dll for: RoR2.SkinDef.Awake
[Debug  :     R2API] Hook removed by assembly: R2API.dll for: RoR2.SkinDef.Awake
[Debug  :     R2API] Hook added by assembly: R2API.dll for: RoR2.SkinDef.Awake
[Debug  :     R2API] Hook removed by assembly: R2API.dll for: RoR2.SkinDef.Awake
[Debug  :     R2API] Hook added by assembly: R2API.dll for: RoR2.SkinDef.Awake
[Debug  :     R2API] Hook removed by assembly: R2API.dll for: RoR2.SkinDef.Awake
[Debug  :     R2API] Hook added by assembly: R2API.dll for: RoR2.SkinDef.Awake
[Debug  :     R2API] Hook removed by assembly: R2API.dll for: RoR2.SkinDef.Awake
[Debug  :     R2API] Hook added by assembly: R2API.dll for: RoR2.SkinDef.Awake
[Debug  :     R2API] Hook removed by assembly: R2API.dll for: RoR2.SkinDef.Awake
[Debug  :     R2API] Hook added by assembly: R2API.dll for: RoR2.SkinDef.Awake
[Debug  :     R2API] Hook removed by assembly: R2API.dll for: RoR2.SkinDef.Awake
[Debug  :     R2API] Hook added by assembly: Enforcer.dll for: RoR2.HealthComponent.TakeDamage
[Debug  :     R2API] Hook added by assembly: Enforcer.dll for: RoR2.CharacterBody.RecalculateStats
[Debug  :     R2API] Hook added by assembly: Enforcer.dll for: RoR2.CharacterBody.Update
[Debug  :     R2API] Hook added by assembly: Enforcer.dll for: RoR2.CharacterMaster.OnInventoryChanged
[Debug  :     R2API] Hook added by assembly: Enforcer.dll for: RoR2.BodyCatalog.SetBodyPrefabs
[Debug  :     R2API] Hook added by assembly: Enforcer.dll for: RoR2.GlobalEventManager.OnCharacterDeath
[Debug  :     R2API] Hook added by assembly: Enforcer.dll for: RoR2.SceneDirector.Start
[Debug  :     R2API] Hook added by assembly: Enforcer.dll for: EntityStates.BaseState.OnEnter
[Info   :   BepInEx] Loading [Lunar Chimera Survivor 0.0.6]
[Debug  :     R2API] Hook added by assembly: R2API.dll for: RoR2.SkinDef.Awake
[Debug  :     R2API] Hook removed by assembly: R2API.dll for: RoR2.SkinDef.Awake
[Info   :   BepInEx] Loading [Void Reaver Survivor 0.3.6]
[Debug  :     R2API] Hook added by assembly: R2API.dll for: RoR2.SkinDef.Awake
[Debug  :     R2API] Hook removed by assembly: R2API.dll for: RoR2.SkinDef.Awake
[Debug  :     R2API] Hook added by assembly: VoidReaver.dll for: EntityStates.NullifierMonster.DeathState.OnEnter
[Debug  :     R2API] Hook added by assembly: VoidReaver.dll for: EntityStates.GhostUtilitySkillState.OnEnter
[Info   :   BepInEx] Loading [ShareSuite 2.4.0]
[Debug  :     R2API] Hook added by assembly: ShareSuite.dll for: RoR2.BossGroup.DropRewards
[Debug  :     R2API] Hook added by assembly: ShareSuite.dll for: RoR2.SceneDirector.PlaceTeleporter
[Debug  :     R2API] Hook added by assembly: ShareSuite.dll for: RoR2.TeleporterInteraction.OnInteractionBegin
[Debug  :     R2API] Hook added by assembly: ShareSuite.dll for: RoR2.Artifacts.SacrificeArtifactManager.OnPrePopulateSceneServer
[Debug  :     R2API] Hook added by assembly: ShareSuite.dll for: RoR2.Util.GetExpAdjustedDropChancePercent
[Debug  :     R2API] Hook added by assembly: ShareSuite.dll for: RoR2.SceneDirector.Start
[Debug  :     R2API] Hook added by assembly: ShareSuite.dll for: RoR2.HealthComponent.TakeDamage
[Debug  :     R2API] Hook added by assembly: ShareSuite.dll for: RoR2.GlobalEventManager.OnHitEnemy
[Debug  :     R2API] Hook added by assembly: ShareSuite.dll for: RoR2.DeathRewards.OnKilledServer
[Debug  :     R2API] Hook added by assembly: ShareSuite.dll for: RoR2.BarrelInteraction.OnInteractionBegin
[Debug  :     R2API] Hook added by assembly: ShareSuite.dll for: RoR2.MoneyPickup.OnTriggerStay
[Debug  :     R2API] Hook added by assembly: ShareSuite.dll for: RoR2.SceneExitController.Begin
[Debug  :     R2API] Hook added by assembly: ShareSuite.dll for: RoR2.PurchaseInteraction.OnInteractionBegin
[Debug  :     R2API] Hook added by assembly: ShareSuite.dll for: EntityStates.GoldGat.GoldGatFire.FireBullet
[Debug  :     R2API] Hook added by assembly: ShareSuite.dll for: RoR2.Networking.GameNetworkManager.OnClientConnect
[Debug  :     R2API] Hook added by assembly: ShareSuite.dll for: RoR2.Networking.GameNetworkManager.OnClientDisconnect
[Debug  :     R2API] Hook added by assembly: ShareSuite.dll for: RoR2.PurchaseInteraction.OnInteractionBegin
[Debug  :     R2API] Hook added by assembly: ShareSuite.dll for: RoR2.ShopTerminalBehavior.DropPickup
[Debug  :     R2API] Hook added by assembly: ShareSuite.dll for: RoR2.GenericPickupController.GrantItem
[Debug  :     R2API] Hook added by assembly: ShareSuite.dll for: EntityStates.ScavBackpack.Opening.OnEnter
[Debug  :     R2API] Hook added by assembly: ShareSuite.dll for: RoR2.Chat+PlayerPickupChatMessage.ConstructChatString
[Debug  :     R2API] Hook added by assembly: ShareSuite.dll for: EntityStates.Scrapper.ScrappingToIdle.OnEnter
[Debug  :     R2API] Hook added by assembly: ShareSuite.dll for: RoR2.PickupCatalog.FindPickupIndex
[Debug  :     R2API] Hook added by assembly: ShareSuite.dll for: RoR2.ArenaMissionController.EndRound
[Debug  :     R2API] Hook added by assembly:  for: RoR2.ArenaMissionController.EndRound
[Debug  :     R2API] Hook added by assembly: ShareSuite.dll for: RoR2.GenericPickupController.GrantItem
[Debug  :     R2API] Hook added by assembly:  for: RoR2.GenericPickupController.GrantItem
[Debug  :     R2API] Hook added by assembly: ShareSuite.dll for: RoR2.GenericPickupController.GrantEquipment
[Info   :   BepInEx] Loading [Diluvian 2.0.6]
[Debug  :     R2API] Hook added by assembly: Diluvian.dll for: RoR2.RuleDef.FromDifficulty
[Debug  :     R2API] Hook added by assembly: Diluvian.dll for: RoR2.UI.RuleCategoryController.SetData
[Info   :   BepInEx] Loading [In Lobby Config 1.0.2]
[Debug  :     R2API] Hook added by assembly: InLobbyConfig.dll for: RoR2.UI.CharacterSelectController.Awake
[Info   :   BepInEx] Loading [Lobby Votes Save 1.1.2]
[Debug  :     R2API] Hook added by assembly: LobbyVotesSave.dll for: RoR2.PreGameRuleVoteController+LocalUserBallotPersistenceManager.OnLocalUserSignIn
[Debug  :     R2API] Hook added by assembly: LobbyVotesSave.dll for: RoR2.PreGameRuleVoteController+LocalUserBallotPersistenceManager.OnVotesUpdated
[Debug  :     R2API] Hook added by assembly: LobbyVotesSave.dll for: RoR2.NetworkUser.SetBodyPreference
[Debug  :     R2API] Hook added by assembly: LobbyVotesSave.dll for: RoR2.NetworkUser.Start
[Debug  :     R2API] Hook added by assembly:  for: RoR2.NetworkUser.Start
[Debug  :     R2API] Hook added by assembly: LobbyVotesSave.dll for: RoR2.UI.CharacterSelectController.Start
[Info   :   BepInEx] Loading [Partial Metamorphosis 1.1.0]
[Debug  :     R2API] Hook added by assembly: PartialMetamorphosis.dll for: RoR2.PreGameController.StartRun
[Debug  :     R2API] Hook added by assembly: PartialMetamorphosis.dll for: RoR2.CharacterMaster.Respawn
[Debug  :     R2API] Hook added by assembly:  for: RoR2.CharacterMaster.Respawn
[Info   :   BepInEx] Loading [BiggerBazaar 1.12.9]
[Debug  :     R2API] Hook added by assembly: BiggerBazaar.dll for: RoR2.SceneExitController.Begin
[Debug  :     R2API] Hook added by assembly: BiggerBazaar.dll for: RoR2.Run.AdvanceStage
[Debug  :     R2API] Hook added by assembly: BiggerBazaar.dll for: RoR2.SceneDirector.Start
[Debug  :     R2API] Hook added by assembly: BiggerBazaar.dll for: RoR2.PickupDisplay.SetPickupIndex
[Debug  :     R2API] Hook added by assembly: BiggerBazaar.dll for: RoR2.ChestBehavior.Open
[Debug  :     R2API] Hook added by assembly: BiggerBazaar.dll for: RoR2.ChestBehavior.PickFromList
[Debug  :     R2API] Hook added by assembly: BiggerBazaar.dll for: RoR2.PurchaseInteraction.OnInteractionBegin
[Debug  :     R2API] Hook added by assembly: BiggerBazaar.dll for: RoR2.GenericPickupController.AttemptGrant
[Debug  :     R2API] Hook added by assembly: BiggerBazaar.dll for: RoR2.FireworkLauncher.FireMissile
[Debug  :     R2API] Hook added by assembly: BiggerBazaar.dll for: RoR2.GenericPickupController.OnSerialize
[Debug  :     R2API] Hook added by assembly: BiggerBazaar.dll for: RoR2.BazaarController.SetUpSeerStations
[Debug  :     R2API] Hook added by assembly: BiggerBazaar.dll for: EntityStates.CaptainSupplyDrop.HackingMainState.PurchaseInteractionIsValidTarget
[Info   :   BepInEx] Loading [BuffPlus 1.2.1]
[Debug  :     R2API] Hook added by assembly: BuffPlus.dll for: RoR2.UI.BuffDisplay.UpdateLayout
[Info   :   BepInEx] Loading [Bandit Reloaded v2 2.2.2]
[Debug  :     R2API] Hook added by assembly: R2API.dll for: RoR2.SkinDef.Awake
[Debug  :     R2API] Hook removed by assembly: R2API.dll for: RoR2.SkinDef.Awake
[Debug  :     R2API] Hook added by assembly: BanditReloaded.dll for: RoR2.CameraRigController.OnEnable
[Debug  :     R2API] Hook added by assembly: BanditReloaded.dll for: RoR2.BuffCatalog.Init
[Debug  :     R2API] Hook added by assembly: BanditReloaded.dll for: RoR2.ItemDisplayRuleSet.GetEquipmentDisplayRuleGroup
[Debug  :     R2API] Hook added by assembly: BanditReloaded.dll for: RoR2.ItemDisplayRuleSet.GetItemDisplayRuleGroup
[Debug  :     R2API] Hook added by assembly: BanditReloaded.dll for: RoR2.CharacterModel.UpdateItemDisplay
[Debug  :     R2API] Hook added by assembly: BanditReloaded.dll for: RoR2.CharacterBody.RecalculateStats
[Debug  :     R2API] Hook added by assembly: BanditReloaded.dll for: RoR2.HealthComponent.TakeDamage
[Info   :   BepInEx] Loading [Clay Men 1.1.3]
[Info   :   BepInEx] Loading [RyanSkinAPI 3.4.4]
[Debug  :     R2API] Hook added by assembly: RyanSkinAPI2.dll for: RoR2.Loadout+BodyLoadoutManager.Init
[Debug  :     R2API] Hook added by assembly: RyanSkinAPI2.dll for: RoR2.Util.BuildPrefabTransformPath
[Info   :   BepInEx] Loading [StartingItemsGUI 1.2.2]
[Error  : Unity Log] Script error (StartingItemsGUI): OnEnable() can not take parameters.
[Info   :   BepInEx] Loading [Pingprovements 1.7.0]
[Debug  :     R2API] Hook added by assembly: Pingprovements.dll for: RoR2.PingerController.SetCurrentPing
[Debug  :     R2API] Hook added by assembly: Pingprovements.dll for: RoR2.UI.PingIndicator.Update
[Info   :   BepInEx] Loading [MinerUnearthed 1.4.0]
[Debug  :     R2API] Hook added by assembly: R2API.dll for: RoR2.SkinDef.Awake
[Debug  :     R2API] Hook removed by assembly: R2API.dll for: RoR2.SkinDef.Awake
[Debug  :     R2API] Hook added by assembly: R2API.dll for: RoR2.SkinDef.Awake
[Debug  :     R2API] Hook removed by assembly: R2API.dll for: RoR2.SkinDef.Awake
[Debug  :     R2API] Hook added by assembly: R2API.dll for: RoR2.SkinDef.Awake
[Debug  :     R2API] Hook removed by assembly: R2API.dll for: RoR2.SkinDef.Awake
[Debug  :     R2API] Hook added by assembly: R2API.dll for: RoR2.SkinDef.Awake
[Debug  :     R2API] Hook removed by assembly: R2API.dll for: RoR2.SkinDef.Awake
[Debug  :     R2API] Hook added by assembly: R2API.dll for: RoR2.SkinDef.Awake
[Debug  :     R2API] Hook removed by assembly: R2API.dll for: RoR2.SkinDef.Awake
[Debug  :     R2API] Hook added by assembly: R2API.dll for: RoR2.SkinDef.Awake
[Debug  :     R2API] Hook removed by assembly: R2API.dll for: RoR2.SkinDef.Awake
[Debug  :     R2API] Hook added by assembly: R2API.dll for: RoR2.SkinDef.Awake
[Debug  :     R2API] Hook removed by assembly: R2API.dll for: RoR2.SkinDef.Awake
[Debug  :     R2API] Hook added by assembly: R2API.dll for: RoR2.SkinDef.Awake
[Debug  :     R2API] Hook removed by assembly: R2API.dll for: RoR2.SkinDef.Awake
[Debug  :     R2API] Hook added by assembly: R2API.dll for: RoR2.SkinDef.Awake
[Debug  :     R2API] Hook removed by assembly: R2API.dll for: RoR2.SkinDef.Awake
[Debug  :     R2API] Hook added by assembly: MinerV2.dll for: RoR2.CharacterBody.RecalculateStats
[Debug  :     R2API] Hook added by assembly: MinerV2.dll for: RoR2.HealthComponent.TakeDamage
[Debug  :     R2API] Hook added by assembly: MinerV2.dll for: RoR2.SceneDirector.Start
[Info   :   BepInEx] Loading [Fade Empty Chests 1.0.0]
[Debug  :     R2API] Hook added by assembly: FadeEmptyChests.dll for: EntityStates.Barrel.Opened.OnEnter
[Debug  :     R2API] Hook added by assembly: FadeEmptyChests.dll for: RoR2.MultiShopController.DisableAllTerminals
[Info   :   BepInEx] Loading [ItemStats 2.1.0]
[Debug  :     R2API] Hook added by assembly: ItemStats.dll for: RoR2.UI.HUD.Update
[Debug  :     R2API] Hook added by assembly: ItemStats.dll for: RoR2.UI.ScoreboardStrip.SetMaster
[Debug  :     R2API] Hook added by assembly: ItemStats.dll for: RoR2.UI.GenericNotification.SetItem
[Debug  :     R2API] Hook added by assembly: ItemStats.dll for: RoR2.UI.ItemInventoryDisplay.AllocateIcons
[Debug  :     R2API] Hook added by assembly: ItemStats.dll for: RoR2.UI.ItemIcon.SetItemIndex
[Info   :   BepInEx] Loading [ShowDeathCause 1.0.4]
[Debug  :     R2API] Hook added by assembly: ShowDeathCause.dll for: RoR2.GlobalEventManager.OnPlayerCharacterDeath
[Info   :   BepInEx] Loading [RespawnAfterBoss 1.0.0]
[Debug  :     R2API] Hook added by assembly: RespawnAfterBoss.dll for: RoR2.Run.OnServerBossDefeated
[Info   :   BepInEx] Loading [SafeMenus 1.0.1]
[Debug  :     R2API] Hook added by assembly: SafeMenus.dll for: RoR2.PlayerCharacterMasterController.OnBodyStart
[Debug  :     R2API] Hook added by assembly: SafeMenus.dll for: RoR2.UI.PickupPickerPanel.SetPickupOptions
[Info   :   BepInEx] Loading [Rogue Wisp 2.1.14.1]
[Warning:Rogue Wisp] CompatChecks; Line:35: Rogue Wisp may have conflicts with: RyanSkinAPI
[Debug  :     R2API] Hook added by assembly:  for: RoR2.Util.IsPrefab
[Debug  :     R2API] Hook added by assembly:  for: RoR2.SurvivorCatalog.Init
[Debug  :     R2API] Hook added by assembly:  for: RoR2.EclipseRun.OnClientGameOver
[Debug  :     R2API] Hook added by assembly:  for: RoR2.EclipseRun.OnClientGameOver
[Debug  :     R2API] Hook added by assembly:  for: RoR2.UserProfile.LoadUserProfileFromDisk
[Debug  :     R2API] Hook added by assembly:  for: RoR2.EclipseRun.GetEclipseBaseUnlockableString
[Debug  :     R2API] Hook added by assembly:  for: RoR2.EclipseRun.GetEclipseBaseUnlockableString
[Debug  :     R2API] Hook added by assembly:  for: RoR2.UI.EclipseRunScreenController.SelectSurvivor
[Debug  :     R2API] Hook added by assembly:  for: RoR2.UI.EclipseRunScreenController.SelectSurvivor
[Debug  :     R2API] Hook added by assembly:  for: RoR2.AchievementManager.CollectAchievementDefs
[Debug  :     R2API] Hook added by assembly:  for: RoR2.AchievementManager.CollectAchievementDefs
[Debug  :     R2API] Hook added by assembly:  for: RoR2.UnlockableCatalog.Init
[Debug  :     R2API] Hook added by assembly:  for: RoR2.UnlockableCatalog.Init
[Debug  :     R2API] Hook added by assembly:  for: RoR2.Loadout+BodyLoadoutManager+BodyLoadout.IsSkinValid
[Debug  :     R2API] Hook added by assembly:  for: RoR2.Loadout+BodyLoadoutManager+BodyLoadout.IsSkinLocked
[Debug  :     R2API] Hook added by assembly:  for: RoR2.Loadout+BodyLoadoutManager+BodyLoadout.EnforceUnlockables
[Debug  :     R2API] Hook added by assembly:  for: RoR2.EffectCatalog.GetDefaultEffectDefs
[Debug  :     R2API] Hook added by assembly:  for: RoR2.Orbs.OrbCatalog.GenerateCatalog
[Debug  :     R2API] Hook added by assembly:  for: EntityStates.SerializableEntityStateType.set_stateType
[Debug  :     R2API] Hook added by assembly:  for: EntityStates.SerializableEntityStateType.set_typeName
[Debug  :     R2API] Hook added by assembly:  for: RoR2.BuffCatalog.Init
[Debug  :     R2API] Hook added by assembly:  for: RoR2.BuffCatalog.Init
[Debug  :     R2API] Hook added by assembly:  for: RoR2.UI.BuffIcon.UpdateIcon
[Debug  :     R2API] Hook added by assembly:  for: RoR2.UI.BuffIcon.UpdateIcon
[Debug  :     R2API] Hook added by assembly: RogueWisp.dll for: RoR2.CharacterSpawnCard.Awake
[Debug  :     R2API] Hook removed by assembly: RogueWisp.dll for: RoR2.CharacterSpawnCard.Awake
[Debug  :     R2API] Hook added by assembly:  for: RoR2.ClassicStageInfo.Awake
[Debug  :     R2API] Hook added by assembly: RogueWisp.dll for: RoR2.UI.QuickPlayButtonController.Start
[Debug  :     R2API] Hook added by assembly: RogueWisp.dll for: RoR2.CameraRigController.Start
[Debug  :     R2API] Hook added by assembly: RogueWisp.dll for: RoR2.CharacterBody.Start
[Debug  :     R2API] Hook added by assembly: RogueWisp.dll for: RoR2.CharacterBody.FixedUpdate
[Debug  :     R2API] Hook added by assembly: RogueWisp.dll for: RoR2.CharacterBody.RecalculateStats
[Debug  :     R2API] Hook added by assembly:  for: RoR2.CharacterBody.RecalculateStats
[Debug  :     R2API] Hook added by assembly: RogueWisp.dll for: RoR2.CharacterBody.RecalculateStats
[Debug  :     R2API] Hook added by assembly: RogueWisp.dll for: RoR2.UI.CrosshairManager.UpdateCrosshair
[Debug  :     R2API] Hook added by assembly:  for: RoR2.UI.CrosshairManager.UpdateCrosshair
[Debug  :     R2API] Hook added by assembly: RogueWisp.dll for: RoR2.CameraRigController.Update
[Debug  :     R2API] Hook added by assembly:  for: RoR2.CameraRigController.Update
[Debug  :     R2API] Hook added by assembly: RogueWisp.dll for: RoR2.SetStateOnHurt.OnTakeDamageServer
[Debug  :     R2API] Hook added by assembly:  for: RoR2.SetStateOnHurt.OnTakeDamageServer
[Debug  :     R2API] Hook added by assembly: RogueWisp.dll for: RoR2.CharacterModel.UpdateRendererMaterials
[Debug  :     R2API] Hook added by assembly:  for: RoR2.CharacterModel.UpdateRendererMaterials
[Debug  :     R2API] Hook added by assembly: RogueWisp.dll for: RoR2.CameraRigController.Start
[Debug  :     R2API] Hook added by assembly: RogueWisp.dll for: RoR2.UI.LoadoutPanelController.Rebuild
[Debug  :     R2API] Hook added by assembly:  for: RoR2.UI.LoadoutPanelController.Rebuild
[Debug  :     R2API] Hook added by assembly: RogueWisp.dll for: RoR2.UI.CharacterSelectController.RebuildLocal
[Debug  :     R2API] Hook added by assembly:  for: RoR2.UI.CharacterSelectController.RebuildLocal
[Debug  :     R2API] Hook added by assembly: RogueWisp.dll for: RoR2.UI.CharacterSelectController.Awake
[Debug  :     R2API] Hook added by assembly: RogueWisp.dll for: RoR2.UI.CharacterSelectController.OnNetworkUserLoadoutChanged
[Debug  :     R2API] Hook added by assembly:  for: RoR2.UI.CharacterSelectController.OnNetworkUserLoadoutChanged
[Debug  :     R2API] Hook added by assembly: RogueWisp.dll for: RoR2.Projectile.ProjectileController.Start
[Debug  :     R2API] Hook added by assembly: RogueWisp.dll for: RoR2.EffectManager.SpawnEffect
[Debug  :     R2API] Hook added by assembly:  for: RoR2.EffectManager.SpawnEffect
[Debug  :     R2API] Hook added by assembly: RogueWisp.dll for: RoR2.Projectile.ProjectileImpactExplosion.DetonateServer
[Debug  :     R2API] Hook added by assembly:  for: RoR2.Projectile.ProjectileImpactExplosion.DetonateServer
[Info   :   BepInEx] Loading [Sniper 1.3.0.180]
[Message:    Sniper] Sniper initializing
[Message:    Sniper] Sniper loaded successfully
[Debug  :     R2API] Hook added by assembly:  for: RoR2.SkinDef.Awake
[Debug  :     R2API] Hook removed by assembly:  for: RoR2.SkinDef.Awake
[Debug  :     R2API] Hook added by assembly:  for: RoR2.SkinDef.Awake
[Debug  :     R2API] Hook removed by assembly:  for: RoR2.SkinDef.Awake
[Debug  :     R2API] Hook added by assembly:  for: RoR2.SkinDef.Awake
[Debug  :     R2API] Hook removed by assembly:  for: RoR2.SkinDef.Awake
[Debug  :     R2API] Hook added by assembly:  for: RoR2.SkinDef.Awake
[Debug  :     R2API] Hook removed by assembly:  for: RoR2.SkinDef.Awake
[Debug  :     R2API] Hook added by assembly:  for: RoR2.SkinDef.Awake
[Debug  :     R2API] Hook removed by assembly:  for: RoR2.SkinDef.Awake
[Debug  :     R2API] Hook added by assembly:  for: RoR2.SkinDef.Awake
[Debug  :     R2API] Hook removed by assembly:  for: RoR2.SkinDef.Awake
[Debug  :     R2API] Hook added by assembly:  for: RoR2.SkinDef.Awake
[Debug  :     R2API] Hook removed by assembly:  for: RoR2.SkinDef.Awake
[Debug  :     R2API] Hook added by assembly:  for: RoR2.SkinDef.Awake
[Debug  :     R2API] Hook removed by assembly:  for: RoR2.SkinDef.Awake
[Debug  :     R2API] Hook added by assembly:  for: RoR2.CharacterMaster.GetDeployableSameSlotLimit
[Debug  :     R2API] Hook added by assembly:  for: RoR2.CharacterMaster.GetDeployableSameSlotLimit
[Debug  :     R2API] Hook added by assembly: Sniper.dll for: RoR2.CameraRigController.Start
[Debug  :     R2API] Hook added by assembly: Sniper.dll for: RoR2.CameraTargetParams.Update
[Debug  :     R2API] Hook added by assembly:  for: RoR2.CameraTargetParams.Update
[Message:   BepInEx] Chainloader startup complete
[Info   :   Console] Exception has been thrown by the target of an invocation.
[Warning: Unity Log] Network message MsgType.Highest + 22 is unregistered.
[Info   :   Console] Facepunch.Steamworks Unity: WindowsPlayer
[Info   :   Console] Facepunch.Steamworks Os: Windows
[Info   :   Console] Facepunch.Steamworks Arch: x64
[Warning:     R2API] This version of R2API was built for build id "5440050", you are running "5745074".
[Warning:     R2API] Should any problems arise, please check for a new version before reporting issues.
[Info   :   Console] Searching for compatible XInput library...
[Info   :   Console] Found Xinput1_4.dll.
[Info   : Unity Log] WwiseUnity: Sound engine initialized successfully.
[Info   : Unity Log] Bloom: True
[Info   : Unity Log] Setting current language to "en"
[Info   : Unity Log] 0
[Info   : Unity Log] arg[0]="D:\Other Steam Games Besides Rainbow\steamapps\common\Risk of Rain 2\Risk of Rain 2.exe"
[Info   : Unity Log] arg[1]="--doorstop-enable"
[Info   : Unity Log] arg[2]="true"
[Info   : Unity Log] arg[3]="--doorstop-target"
[Info   : Unity Log] arg[4]="r2modman\BepInEx\core\BepInEx.Preloader.dll"
[Info   : Unity Log] Initializing system: ArtifactCatalog
[Info   : Unity Log] Initializing system: BadClientEntityStateMachineFix
[Info   : Unity Log] Initializing system: BodyCatalog
[Info   : Unity Log] Initializing system: BuffCatalog
[Info   :     R2API] Custom Dot that uses Buff Index: 71 added
[Warning: Unity Log] Unregistered buff CrocoRegen!
[Warning: Unity Log] Unregistered buff MercExpose!
[Warning: Unity Log] Unregistered buff BodyArmor!
[Info   :     R2API] Custom Buff: Heavyweight added
[Info   :     R2API] Custom Buff: Heavyweight added
[Info   :     R2API] Custom Buff: TearGasDebuff added
[Info   :     R2API] Custom Buff: HeavyweightV2 added
[Info   :     R2API] Custom Buff: Skateboard added
[Info   :     R2API] Custom Buff: Gold Rush added
[Info   :     R2API] Custom Buff: Cleave added
[Info   :     R2API] Custom Buff: BanditReloadedMarkedForDeath added
[Info   :     R2API] Custom Buff: BanditReloadedThermite added
[Info   :     R2API] Custom Buff: BanditReloadedFakeStun added
[Info   : Unity Log] Initializing system: CostTypeCatalog
[Info   : Unity Log] Initializing system: GameEndingCatalog
[Info   : Unity Log] Initializing system: EffectCatalog
[Error  : Unity Log] Error registering effect "DroneFlamethrowerEffect (UnityEngine.GameObject)": Prefab does not have EffectComponent attached.
[Error  : Unity Log] Error registering effect "FireMeatBallPool (UnityEngine.GameObject)": Prefab does not have EffectComponent attached.
[Error  : Unity Log] Error registering effect "LunarWispTrackingBombExp_Prf (UnityEngine.GameObject)": Prefab does not have EffectComponent attached.
[Error  : Unity Log] Error registering effect "LunarWispMinigunChargeUp (UnityEngine.GameObject)": Prefab does not have EffectComponent attached.
[Error  : Unity Log] Error registering effect "SiphonTetherHealing (UnityEngine.GameObject)": Prefab does not have EffectComponent attached.
[Info   : Unity Log] Initializing system: EliteCatalog
[Info   : Unity Log] Initializing system: EquipmentCatalog
[Info   : Unity Log] Initializing system: FileIoIndicatorManager
[Info   : Unity Log] Initializing system: DebugOverlay
[Info   : Unity Log] Initializing system: GenericPickupController
[Info   : Unity Log] Initializing system: NetworkUIPromptController
[Info   : Unity Log] Initializing system: PickupDropletController
[Info   : Unity Log] Initializing system: RunArtifactManager
[Info   : Unity Log] Initializing system: ItemCatalog
[Info   : Unity Log] Initializing system: Language
[Info   : Unity Log] Found icon.png
[Info   : Unity Log] Found icon.png
[Info   : Unity Log] Found icon.png
[Info   : Unity Log] Found icon.png
[Info   : Unity Log] Found icon.png
[Info   : Unity Log] Found icon.png
[Info   : Unity Log] Found icon.png
[Info   : Unity Log] Found icon.png
[Info   : Unity Log] Found icon.png
[Info   : Unity Log] Found icon.png
[Info   : Unity Log] Found icon.png
[Info   : Unity Log] Setting current language to "en"
[Info   : Unity Log] Initializing system: MasterCatalog
[Info   : Unity Log] Initializing system: MusicTrackCatalog
[Info   : Unity Log] Initializing system: PickupCatalog
[Info   : Unity Log] Initializing system: PickupTransmutationManager
[Info   : Unity Log] Initializing system: ProjectileCatalog
[Info   : Unity Log] Initializing system: RuleCatalog
[Info   : Unity Log] Initializing system: SceneCatalog
[Info   : Unity Log] Initializing system: SkinCatalog
[Info   : Unity Log] Initializing system: SurvivorCatalog
[Warning: Unity Log] Unregistered survivor Bandit!
[Info   :     R2API] Survivor: ENFORCER_NAME added
[Info   :     R2API] Survivor: LUNARGOLEM_BODY_NAME added
[Info   :     R2API] Survivor: NULLIFIER_BODY_NAME added
[Info   :     R2API] Survivor: BANDIT_BODY_NAME added
[Info   :     R2API] Survivor: MINER_NAME added
[Info   :     R2API] Survivor: WISP_SURVIVOR_BODY_NAME added
[Info   :     R2API] Survivor: SNIPER_DISPLAY_NAME added
[Info   : Unity Log] Initializing system: UnlockableCatalog
[Info   : Unity Log] Initializing system: UserProfile
[Info   : Unity Log] Initializing system: StatDef
[Info   : Unity Log] Initializing system: StatManager
[Info   : Unity Log] Initializing system: StatSheet
[Info   : Unity Log] Initializing system: SkillCatalog
[Info   : Unity Log] Initializing system: EnemyInfoPanel
[Info   : Unity Log] Initializing system: UILayerKey
[Info   : Unity Log] Initializing system: NetworkSoundEventCatalog
[Info   : Unity Log] Initializing system: BombArtifactManager
[Info   : Unity Log] Initializing system: CommandArtifactManager
[Info   : Unity Log] Initializing system: DoppelgangerInvasionManager
[Info   : Unity Log] Initializing system: EnigmaArtifactManager
[Info   : Unity Log] Initializing system: FriendlyFireArtifactManager
[Info   : Unity Log] Initializing system: MonsterTeamGainsItemsArtifactManager
[Info   : Unity Log] Initializing system: SacrificeArtifactManager
[Info   : Unity Log] Initializing system: SwarmsArtifactManager
[Info   : Unity Log] Initializing system: TeamDeathArtifactManager
[Info   : Unity Log] Initializing system: NetworkExtensions
[Info   : Unity Log] Initializing system: AchievementManager
[Info   : Unity Log] Initializing system: ArtifactMask
[Info   : Unity Log] Initializing system: LunarItemOrEquipmentCostTypeHelper
[Info   : Unity Log] Initializing system: ItemDisplayRuleSet
[Info   : Unity Log] Initializing system: PreGameRuleVoteController
[Info   : Unity Log] Initializing system: ShrineCleanseBehavior
[Info   : Unity Log] Initializing system: GameModeCatalog
[Info   : Unity Log] Registered gamemode BaseDefenseRun True
[Info   : Unity Log] Registered gamemode ClassicRun True
[Info   : Unity Log] Registered gamemode EclipseRun True
[Info   : Unity Log] Registered gamemode WeeklyRun True
[Info   : Unity Log] Initializing system: Loadout
[Info   : Unity Log] Initializing system: BodyLoadoutManager
[Info   :RyanSkinAPI] Adding new skin to CommandoBody with name Prestigious Commando
[Debug  :     R2API] Hook added by assembly: R2API.dll for: RoR2.SkinDef.Awake
[Debug  :     R2API] Hook removed by assembly: R2API.dll for: RoR2.SkinDef.Awake
[Info   :RyanSkinAPI] Adding new skin to EngiBody with name Prestigious Engineer
[Debug  :     R2API] Hook added by assembly: R2API.dll for: RoR2.SkinDef.Awake
[Debug  :     R2API] Hook removed by assembly: R2API.dll for: RoR2.SkinDef.Awake
[Info   :RyanSkinAPI] Adding new skin to HuntressBody with name Prestigious Huntress
[Debug  :     R2API] Hook added by assembly: R2API.dll for: RoR2.SkinDef.Awake
[Debug  :     R2API] Hook removed by assembly: R2API.dll for: RoR2.SkinDef.Awake
[Info   :RyanSkinAPI] Adding new skin to MageBody with name Prestigious Artificer
[Debug  :     R2API] Hook added by assembly: R2API.dll for: RoR2.SkinDef.Awake
[Debug  :     R2API] Hook removed by assembly: R2API.dll for: RoR2.SkinDef.Awake
[Info   :RyanSkinAPI] Adding new skin to MercBody with name Prestigious Mercenary
[Debug  :     R2API] Hook added by assembly: R2API.dll for: RoR2.SkinDef.Awake
[Debug  :     R2API] Hook removed by assembly: R2API.dll for: RoR2.SkinDef.Awake
[Info   :RyanSkinAPI] Adding new skin to ToolbotBody with name PREST-G
[Debug  :     R2API] Hook added by assembly: R2API.dll for: RoR2.SkinDef.Awake
[Debug  :     R2API] Hook removed by assembly: R2API.dll for: RoR2.SkinDef.Awake
[Info   :RyanSkinAPI] Adding new skin to TreebotBody with name Prestigious Rex
[Debug  :     R2API] Hook added by assembly: R2API.dll for: RoR2.SkinDef.Awake
[Debug  :     R2API] Hook removed by assembly: R2API.dll for: RoR2.SkinDef.Awake
[Info   :RyanSkinAPI] Adding new skin to LoaderBody with name Prestigious Loader
[Debug  :     R2API] Hook added by assembly: R2API.dll for: RoR2.SkinDef.Awake
[Debug  :     R2API] Hook removed by assembly: R2API.dll for: RoR2.SkinDef.Awake
[Info   :RyanSkinAPI] Adding new skin to CrocoBody with name Prestigious Acrid
[Debug  :     R2API] Hook added by assembly: R2API.dll for: RoR2.SkinDef.Awake
[Debug  :     R2API] Hook removed by assembly: R2API.dll for: RoR2.SkinDef.Awake
[Info   :RyanSkinAPI] Adding new skin to CaptainBody with name Prestigious Captain
[Debug  :     R2API] Hook added by assembly: R2API.dll for: RoR2.SkinDef.Awake
[Debug  :     R2API] Hook removed by assembly: R2API.dll for: RoR2.SkinDef.Awake
[Info   :RyanSkinAPI] Adding new skin to Lunar Golem Survivor with name Battle-Scarred
[Debug  :     R2API] Hook added by assembly: R2API.dll for: RoR2.SkinDef.Awake
[Debug  :     R2API] Hook removed by assembly: R2API.dll for: RoR2.SkinDef.Awake
[Info   :RyanSkinAPI] Adding new skin to Lunar Golem Survivor with name Geode
[Debug  :     R2API] Hook added by assembly: R2API.dll for: RoR2.SkinDef.Awake
[Debug  :     R2API] Hook removed by assembly: R2API.dll for: RoR2.SkinDef.Awake
[Info   :RyanSkinAPI] Adding new skin to Lunar Golem Survivor with name Molten
[Debug  :     R2API] Hook added by assembly: R2API.dll for: RoR2.SkinDef.Awake
[Debug  :     R2API] Hook removed by assembly: R2API.dll for: RoR2.SkinDef.Awake
[Info   :RyanSkinAPI] Adding new skin to Lunar Golem Survivor with name Turret
[Debug  :     R2API] Hook added by assembly: R2API.dll for: RoR2.SkinDef.Awake
[Debug  :     R2API] Hook removed by assembly: R2API.dll for: RoR2.SkinDef.Awake
[Info   :RyanSkinAPI] Adding new skin to Lunar Golem Survivor with name Prestigious Lunar Chimera
[Debug  :     R2API] Hook added by assembly: R2API.dll for: RoR2.SkinDef.Awake
[Debug  :     R2API] Hook removed by assembly: R2API.dll for: RoR2.SkinDef.Awake
[Info   :RyanSkinAPI] Adding new skin to Void Reaver Survivor with name Jade
[Debug  :     R2API] Hook added by assembly: R2API.dll for: RoR2.SkinDef.Awake
[Debug  :     R2API] Hook removed by assembly: R2API.dll for: RoR2.SkinDef.Awake
[Info   :RyanSkinAPI] Adding new skin to Void Reaver Survivor with name Lapis
[Debug  :     R2API] Hook added by assembly: R2API.dll for: RoR2.SkinDef.Awake
[Debug  :     R2API] Hook removed by assembly: R2API.dll for: RoR2.SkinDef.Awake
[Info   :RyanSkinAPI] Adding new skin to Void Reaver Survivor with name Pearl
[Debug  :     R2API] Hook added by assembly: R2API.dll for: RoR2.SkinDef.Awake
[Debug  :     R2API] Hook removed by assembly: R2API.dll for: RoR2.SkinDef.Awake
[Info   :RyanSkinAPI] Adding new skin to Void Reaver Survivor with name Ruby
[Debug  :     R2API] Hook added by assembly: R2API.dll for: RoR2.SkinDef.Awake
[Debug  :     R2API] Hook removed by assembly: R2API.dll for: RoR2.SkinDef.Awake
[Info   :RyanSkinAPI] Adding new skin to Void Reaver Survivor with name Prestigious Void Reaver
[Debug  :     R2API] Hook added by assembly: R2API.dll for: RoR2.SkinDef.Awake
[Debug  :     R2API] Hook removed by assembly: R2API.dll for: RoR2.SkinDef.Awake
[Info   :RyanSkinAPI] Adding new skin to BanditReloadedBody with name Prestigious Bandit
[Debug  :     R2API] Hook added by assembly: R2API.dll for: RoR2.SkinDef.Awake
[Debug  :     R2API] Hook removed by assembly: R2API.dll for: RoR2.SkinDef.Awake
[Info   :RyanSkinAPI] Adding new skin to EngiTurretBody with name DefaultName
[Debug  :     R2API] Hook added by assembly: R2API.dll for: RoR2.SkinDef.Awake
[Debug  :     R2API] Hook removed by assembly: R2API.dll for: RoR2.SkinDef.Awake
[Info   :RyanSkinAPI] Is a minion skin
[Info   :RyanSkinAPI] Applying minionskinreplacement
[Info   :RyanSkinAPI] Size was 0
[Info   :RyanSkinAPI] Size is now 1
[Info   : Unity Log] Tried to add duplicate node /Loadout/Bodies/EnforcerBody/.
[Info   : Unity Log] Tried to add duplicate node /Loadout/Bodies/EnforcerBody/.
[Info   : Unity Log] Tried to add duplicate node /Loadout/Bodies/MinerBody/.
[Info   : Unity Log] Tried to add duplicate node /Loadout/Bodies/MinerBody/.
[Info   : Unity Log] Initializing system: ProjectileGhostReplacementManager
[Info   : Unity Log] Initializing system: RuleBook
[Info   : Unity Log] Initializing system: SerializableLoadout
[Info   : Unity Log] Initializing system: SteamworksLobbyDataGenerator
[Info   : Unity Log] Initializing system: LogBookController
[Info   : Unity Log] Tried to add duplicate node /Logbook/LOGBOOK_CATEGORY_MONSTER/LUNARGOLEM_BODY_NAME
[Info   : Unity Log] Tried to add duplicate node /Logbook/LOGBOOK_CATEGORY_MONSTER/NULLIFIER_BODY_NAME
[Info   : Unity Log] Initializing system: CharacterSpawnCard
[Info   : Unity Log] Attempting to load user profile /UserProfiles/e1650651-4da2-48d3-8884-765006312ddf.xml
[Info   : Unity Log] stream.Length=130497
[Info   : Unity Log] Setting current language to "en"
[Debug  :     R2API] Hook added by assembly: MinerV2.dll for: RoR2.ChestBehavior.Open
[Info   : Unity Log] 0
[Info   : Unity Log] Loaded archived convars.
[Info   : Unity Log] Could not load config /Config/autoexec.cfg: Could not find file "D:\Other Steam Games Besides Rainbow\steamapps\common\Risk of Rain 2\Risk of Rain 2_Data\Config\autoexec.cfg"
[Info   : Unity Log] Active scene changed from  to splash
[Info   : Unity Log] Loaded scene splash loadSceneMode=2
[Info   :     R2API] [NetworkCompatibility] Adding to the networkModList : 
[Info   :     R2API] _Simon.ReviveAfterBoss;1.0.0
[Info   :     R2API] com.bepis.r2api;2.5.14
[Info   :     R2API] com.Elysium.IncChanceShrineReturns;1.0.0
[Info   :     R2API] com.Elysium.ScalingBloodShrines;1.0.0
[Info   :     R2API] com.Elysium.WaxQuailMultiJump;1.0.1
[Info   :     R2API] com.EnforcerGang.Enforcer;1.1.2
[Info   :     R2API] com.Fubuki.LunarChimera;0.0.6
[Info   :     R2API] com.Fubuki.VoidReaver;0.3.6
[Info   :     R2API] com.harbingerofme.Diluvian;2.0.6
[Info   :     R2API] com.mistername.BuffPlus;1.2.1
[Info   :     R2API] com.Moffein.BanditReloaded_v2;2.2.2
[Info   :     R2API] com.Moffein.ClayMen;1.1.3
[Info   :     R2API] com.PallesenProductions.RyanSkinAPI;3.4.4
[Info   :     R2API] com.Phedg1Studios.StartingItemsGUI;1.2.2
[Info   :     R2API] com.pixeldesu.pingprovements;1.7.0
[Info   :     R2API] com.rob.MinerUnearthed;1.4.0
[Info   :     R2API] com.SSM24.FadeEmptyChests;1.0.0
[Info   :     R2API] neutrino-steak.RespawnAfterBoss;1.0.0
[Info   :     R2API] org.mries92.SafeMenus;1.0.1
[Debug  :     R2API] Hook added by assembly: StartingItemsGUI.dll for: RoR2.PreGameController.OnEnable
[Debug  :     R2API] Hook added by assembly: StartingItemsGUI.dll for: RoR2.CharacterBody.OnDeathStart
[Debug  :     R2API] Hook added by assembly: StartingItemsGUI.dll for: RoR2.UI.ScrollToSelection.ScrollToRect
[Error  : Unity Log] Error registering effect "DroneFlamethrowerEffect (UnityEngine.GameObject)": Prefab does not have EffectComponent attached.
[Error  : Unity Log] Error registering effect "FireMeatBallPool (UnityEngine.GameObject)": Prefab does not have EffectComponent attached.
[Error  : Unity Log] Error registering effect "LunarWispTrackingBombExp_Prf (UnityEngine.GameObject)": Prefab does not have EffectComponent attached.
[Error  : Unity Log] Error registering effect "LunarWispMinigunChargeUp (UnityEngine.GameObject)": Prefab does not have EffectComponent attached.
[Error  : Unity Log] Error registering effect "SiphonTetherHealing (UnityEngine.GameObject)": Prefab does not have EffectComponent attached.
[Error  : Unity Log] Error registering effect "DroneFlamethrowerEffect (UnityEngine.GameObject)": Prefab does not have EffectComponent attached.
[Error  : Unity Log] Error registering effect "FireMeatBallPool (UnityEngine.GameObject)": Prefab does not have EffectComponent attached.
[Error  : Unity Log] Error registering effect "LunarWispTrackingBombExp_Prf (UnityEngine.GameObject)": Prefab does not have EffectComponent attached.
[Error  : Unity Log] Error registering effect "LunarWispMinigunChargeUp (UnityEngine.GameObject)": Prefab does not have EffectComponent attached.
[Error  : Unity Log] Error registering effect "SiphonTetherHealing (UnityEngine.GameObject)": Prefab does not have EffectComponent attached.
[Info   : Unity Log] "spp_disable_survivor" is not a recognized ConCommand or ConVar.
[Message:  ReinCore] Modlist:
Rein.RogueWisp;2.1.14.x
Rein.Sniper;1.3.0.x
_Simon.ReviveAfterBoss;1.0.0
com.bepis.r2api;2.5.14
com.Elysium.IncChanceShrineReturns;1.0.0
com.Elysium.ScalingBloodShrines;1.0.0
com.Elysium.WaxQuailMultiJump;1.0.1
com.EnforcerGang.Enforcer;1.1.2
com.Fubuki.LunarChimera;0.0.6
com.Fubuki.VoidReaver;0.3.6
com.harbingerofme.Diluvian;2.0.6
com.mistername.BuffPlus;1.2.1
com.Moffein.BanditReloaded_v2;2.2.2
com.Moffein.ClayMen;1.1.3
com.PallesenProductions.RyanSkinAPI;3.4.4
com.Phedg1Studios.StartingItemsGUI;1.2.2
com.pixeldesu.pingprovements;1.7.0
com.rob.MinerUnearthed;1.4.0
com.SSM24.FadeEmptyChests;1.0.0
neutrino-steak.RespawnAfterBoss;1.0.0
org.mries92.SafeMenus;1.0.1
[Message:  ReinCore] ModHash:55FCA829FDABFCBED081D0B3D563B728
[Info   : Unity Log] Setting offline scene to intro
[Info   : Unity Log] Unloaded scene splash
[Info   : Unity Log] Active scene changed from  to intro
[Info   : Unity Log] Loaded scene intro loadSceneMode=Single
[Info   : Unity Log] Setting offline scene to title
[Info   : Unity Log] Unloaded scene intro
[Info   : Unity Log] Active scene changed from  to title
[Info   : Unity Log] Loaded scene title loadSceneMode=Single
[Info   : Unity Log] GameNetworkManager.desiredHost={ hostType=Self listen=False maxPlayers=4 }
[Message:  ReinCore] Server messages registered
[Info   :     R2API] Server Handlers registered
[Warning: Unity Log] The prefab 'ArenaMissionController' has multiple NetworkIdentity components. There can only be one NetworkIdentity on a prefab, and it must be on the root object.
[Message:  ReinCore] Client messages registered
[Info   :     R2API] Client Handlers registered
[Info   : Unity Log] Unloaded scene title
[Info   : Unity Log] FlashWindow.Flash(862572)
[Info   : Unity Log] Active scene changed from  to lobby
[Info   : Unity Log] Loaded scene lobby loadSceneMode=Single
[Info   : Unity Log] gridColumns=8,totalElements=17,gridRows=3,maxEntryCount=24
[Info   : Unity Log] Adding local player controller 0 on connection hostId: -1 connectionId: 0 isReady: False channel count: 0
[Info   : Unity Log] GameNetworkManager.AddPlayerInternal(conn=hostId: -1 connectionId: 0 isReady: False channel count: 0, playerControllerId=0, extraMessageReader=NetBuf sz:251 pos:251
[Info   : Unity Log] FlashWindow.Flash(862572)
[Info   : Unity Log] OnClientSceneChanged networkSceneName=lobby currentSceneName=lobby
[Error  : Unity Log] A connection has already been set as ready. There can only be one.
[Info   : Unity Log] Player 0 already added, aborting.
[Info   : Unity Log] subscribed
[Info   : Unity Log] Could not load config /Config/server_pregame.cfg: Could not find file "D:\Other Steam Games Besides Rainbow\steamapps\common\Risk of Rain 2\Risk of Rain 2_Data\Config\server_pregame.cfg"
[Info   : Unity Log] Attempting to generate PreGameVoteController for TypicalIllusion
[Info   : Unity Log] Applying persistent ballot of votes for LocalUser TypicalIllusion.
[Info   : Unity Log] PreGameRuleVoteController.ClientTransmitVotesToServer()
[Info   : Unity Log] Received vote from TypicalIllusion
[Info   : Unity Log] Accepting vote from TypicalIllusion
[Info   : Unity Log] Setting current language to "en"
[Info   : Unity Log] <style=cEvent>TypicalIllusion connected.</color>
[Debug  :  Diluvian] Run started on difficulty index: Normal
[Info   : Unity Log] Unloaded scene lobby
[Info   : Unity Log] Active scene changed from  to golemplains2
[Info   : Unity Log] Loaded scene golemplains2 loadSceneMode=Single
[Info   : Unity Log] OnClientSceneChanged networkSceneName=golemplains2 currentSceneName=golemplains2
[Info   : Unity Log] Client ready.
[Info   : Unity Log] Player 0 already added, aborting.
[Info   : Unity Log] Spending 220 credits on interactables...
[Info   : Unity Log] MAP_GOLEMPLAINS_TITLE
[Info   : Unity Log] reorder list
[Info   : Unity Log] Chatbox showInput:True
[Info   : Unity Log] Chatbox showInput:False
[Info   : Unity Log] Collision (UnityEngine.GameObject) is missing surface def
[Info   : Unity Log] <style=cDeath><sprite name="Skull" tint=1> Come back soon! <sprite name="Skull" tint=1></style>
[Info   : Unity Log] <color=#00FF80>TypicalIllusion</color> killed by <color=#FF8000>Stone Golem</color> (50.00 damage taken).
[Info   : Unity Log] Could not save RunReport D:/Other Steam Games Besides Rainbow/steamapps/common/Risk of Rain 2/Risk of Rain 2_Data/RunReports/PreviousRun.xml: The ' ' character, hexadecimal value 0x20, cannot be included in a name.
[Warning: Unity Log] Parent of RectTransform is being set with parent property. Consider using the SetParent method instead, with the worldPositionStays argument set to false. This will retain local orientation and scale rather than world orientation and scale, which can prevent common UI scaling issues.
[Info   : Unity Log] Transfered 4 monster credits from Director (UnityEngine.GameObject) to Director (UnityEngine.GameObject)
[Info   : Unity Log] Unloaded scene golemplains2
[Info   : Unity Log] FlashWindow.Flash(862572)
[Info   : Unity Log] Active scene changed from  to lobby
[Info   : Unity Log] Loaded scene lobby loadSceneMode=Single
[Info   : Unity Log] 13
[Info   : Unity Log] gridColumns=8,totalElements=17,gridRows=3,maxEntryCount=24
[Info   : Unity Log] OnClientSceneChanged networkSceneName=lobby currentSceneName=lobby
[Info   : Unity Log] Client ready.
[Info   : Unity Log] Player 0 already added, aborting.
[Info   : Unity Log] Could not load config /Config/server_pregame.cfg: Could not find file "D:\Other Steam Games Besides Rainbow\steamapps\common\Risk of Rain 2\Risk of Rain 2_Data\Config\server_pregame.cfg"
[Info   : Unity Log] Attempting to generate PreGameVoteController for TypicalIllusion
[Info   : Unity Log] Applying persistent ballot of votes for LocalUser TypicalIllusion.
[Info   : Unity Log] PreGameRuleVoteController.ClientTransmitVotesToServer()
[Info   : Unity Log] Received vote from TypicalIllusion
[Info   : Unity Log] Accepting vote from TypicalIllusion
[Info   : Unity Log] Setting current language to "en"
[Info   : Unity Log] Saved file "e1650651-4da2-48d3-8884-765006312ddf.xml" (130887 bytes)
[Warning: Unity Log] Could not find transform "EngiArmature/ROOT/base/stomach/chest/cannonJoint1.l/cannonJoint2.l/cannonHead.l/EngiJet/Jet" relative to "mdlEngi".
[Warning: Unity Log] Could not find transform "EngiArmature/ROOT/base/stomach/chest/cannonJoint1.r/cannonJoint2.r/cannonHead.r/EngiJet/Jet" relative to "mdlEngi".
[Info   : Unity Log] Saved file "e1650651-4da2-48d3-8884-765006312ddf.xml" (130956 bytes)
[Info   : Unity Log] Saved file "e1650651-4da2-48d3-8884-765006312ddf.xml" (131396 bytes)
[Info   : Unity Log] Saved file "e1650651-4da2-48d3-8884-765006312ddf.xml" (131407 bytes)
[Info   : Unity Log] Saved file "e1650651-4da2-48d3-8884-765006312ddf.xml" (131425 bytes)
[Info   : Unity Log] Saved file "e1650651-4da2-48d3-8884-765006312ddf.xml" (131435 bytes)
[Info   : Unity Log] Saved file "e1650651-4da2-48d3-8884-765006312ddf.xml" (131449 bytes)
[Info   : Unity Log] Saved file "e1650651-4da2-48d3-8884-765006312ddf.xml" (131462 bytes)
[Info   : Unity Log] Saved file "e1650651-4da2-48d3-8884-765006312ddf.xml" (131462 bytes)
[Info   : Unity Log] Saved file "e1650651-4da2-48d3-8884-765006312ddf.xml" (131468 bytes)
[Info   : Unity Log] Saved file "e1650651-4da2-48d3-8884-765006312ddf.xml" (131468 bytes)
[Info   : Unity Log] Saved file "e1650651-4da2-48d3-8884-765006312ddf.xml" (131468 bytes)
[Info   : Unity Log] Saved file "e1650651-4da2-48d3-8884-765006312ddf.xml" (131468 bytes)
[Info   : Unity Log] Saved file "e1650651-4da2-48d3-8884-765006312ddf.xml" (131479 bytes)
[Debug  :  Diluvian] Run started on difficulty index: Normal
[Info   : Unity Log] Unloaded scene lobby
[Info   : Unity Log] Active scene changed from  to golemplains2
[Info   : Unity Log] Loaded scene golemplains2 loadSceneMode=Single
[Info   : Unity Log] OnClientSceneChanged networkSceneName=golemplains2 currentSceneName=golemplains2
[Info   : Unity Log] Client ready.
[Info   : Unity Log] Player 0 already added, aborting.
[Info   : Unity Log] Spending 220 credits on interactables...
[Info   : Unity Log] MAP_GOLEMPLAINS_TITLE
[Info   : Unity Log] reorder list
[Info   : Unity Log] Chatbox showInput:True
[Info   : Unity Log] Chatbox showInput:False
[Error  : Unity Log] Object PodGroundImpact(Clone) (UnityEngine.GameObject) should not be instantiated by means other than EffectManager.SpawnEffect. This WILL result in an NRE!!! Use EffectManager.SpawnEffect or don't use EffectComponent!!!!!
[Warning: Unity Log] Invalid Layer Index '-1'
[Warning: Unity Log] Invalid Layer Index '-1'
[Warning: Unity Log] Invalid Layer Index '-1'
[Warning: Unity Log] Animator.GotoState: State could not be found
[Warning: Unity Log] Invalid Layer Index '-1'
[Warning: Unity Log] Animator.GotoState: State could not be found
[Warning: Unity Log] Invalid Layer Index '-1'
[Warning: Unity Log] Animator.GotoState: State could not be found
[Warning: Unity Log] Invalid Layer Index '-1'
[Warning: Unity Log] Invalid Layer Index '-1'
[Warning: Unity Log] Animator.GotoState: State could not be found
[Warning: Unity Log] Invalid Layer Index '-1'
[Warning: Unity Log] Invalid Layer Index '-1'
[Warning: Unity Log] Invalid Layer Index '-1'
[Info   : Unity Log] Base (UnityEngine.GameObject) is missing surface def
[Warning: Unity Log] Invalid Layer Index '-1'
[Warning: Unity Log] Animator.GotoState: State could not be found
[Warning: Unity Log] Invalid Layer Index '-1'
[Debug  :Fade Empty Chests] Object name: mdlCategoryChest
[Info   : Unity Log] GenericPickupController.HandlePickupMessage: Received pickup message.
[Info   : Unity Log] <style=cEvent>You picked up <color=#FFFFFF>Fresh Meat</color></color>
[Warning: Unity Log] Invalid Layer Index '-1'
[Warning: Unity Log] Animator.GotoState: State could not be found
[Warning: Unity Log] Invalid Layer Index '-1'
[Warning: Unity Log] Animator.GotoState: State could not be found
[Warning: Unity Log] Invalid Layer Index '-1'
[Warning: Unity Log] Animator.GotoState: State could not be found
[Warning: Unity Log] Invalid Layer Index '-1'
[Warning: Unity Log] Animator.GotoState: State could not be found
[Warning: Unity Log] Invalid Layer Index '-1'
[Warning: Unity Log] Invalid Layer Index '-1'
[Debug  :Fade Empty Chests] Object name: mdlChest1
[Info   : Unity Log] GenericPickupController.HandlePickupMessage: Received pickup message.
[Info   : Unity Log] <style=cEvent>You picked up <color=#77FF17>Hopoo Feather</color></color>
[Info   : Unity Log] <style=cShrine>You have invited the challenge of the Mountain..</color>
[Warning: Unity Log] Animator.GotoState: State could not be found
[Warning: Unity Log] Invalid Layer Index '-1'
[Warning: Unity Log] Animator.GotoState: State could not be found
[Warning: Unity Log] Invalid Layer Index '-1'
[Warning: Unity Log] Invalid Layer Index '-1'
[Warning: Unity Log] Animator.GotoState: State could not be found
[Warning: Unity Log] Invalid Layer Index '-1'
[Warning: Unity Log] Animator.GotoState: State could not be found
[Warning: Unity Log] Invalid Layer Index '-1'
[Debug  :Fade Empty Chests] Object name: mdlChest1
[Info   : Unity Log] GenericPickupController.HandlePickupMessage: Received pickup message.
[Info   : Unity Log] <style=cEvent>You picked up <color=#FFFFFF>Medkit</color></color>
[Warning: Unity Log] Invalid Layer Index '-1'
[Warning: Unity Log] Invalid Layer Index '-1'
[Warning: Unity Log] Invalid Layer Index '-1'
[Warning: Unity Log] Invalid Layer Index '-1'
[Info   : Unity Log] GameNetworkManager.desiredHost={ hostType=None }
[Info   : Unity Log] Network shutting down...
[Info   : Unity Log] Server shutting down...
[Info   : Unity Log] Issued kick message to all remote clients.
[Info   : Unity Log] Finished waiting for clients to disconnect.
[Info   : Unity Log] StopHost()
[Info   : Unity Log] Server shutdown complete.
[Info   : Unity Log] Unloaded scene golemplains2
[Info   : Unity Log] Active scene changed from  to title
[Info   : Unity Log] Loaded scene title loadSceneMode=Single
[Info   : Unity Log] GameNetworkManager.desiredHost={ hostType=Self listen=False maxPlayers=4 }
[Message:  ReinCore] Server messages registered
[Info   :     R2API] Server Handlers registered
[Warning: Unity Log] The prefab 'ArenaMissionController' has multiple NetworkIdentity components. There can only be one NetworkIdentity on a prefab, and it must be on the root object.
[Message:  ReinCore] Client messages registered
[Info   :     R2API] Client Handlers registered
[Info   : Unity Log] Unloaded scene title
[Info   : Unity Log] FlashWindow.Flash(862572)
[Info   : Unity Log] Active scene changed from  to lobby
[Info   : Unity Log] Loaded scene lobby loadSceneMode=Single
[Info   : Unity Log] gridColumns=8,totalElements=17,gridRows=3,maxEntryCount=24
[Info   : Unity Log] Adding local player controller 0 on connection hostId: -1 connectionId: 0 isReady: False channel count: 0
[Info   : Unity Log] GameNetworkManager.AddPlayerInternal(conn=hostId: -1 connectionId: 0 isReady: False channel count: 0, playerControllerId=0, extraMessageReader=NetBuf sz:251 pos:251
[Info   : Unity Log] FlashWindow.Flash(862572)
[Info   : Unity Log] OnClientSceneChanged networkSceneName=lobby currentSceneName=lobby
[Error  : Unity Log] A connection has already been set as ready. There can only be one.
[Info   : Unity Log] Player 0 already added, aborting.
[Info   : Unity Log] subscribed
[Info   : Unity Log] Could not load config /Config/server_pregame.cfg: Could not find file "D:\Other Steam Games Besides Rainbow\steamapps\common\Risk of Rain 2\Risk of Rain 2_Data\Config\server_pregame.cfg"
[Info   : Unity Log] Attempting to generate PreGameVoteController for TypicalIllusion
[Info   : Unity Log] Applying persistent ballot of votes for LocalUser TypicalIllusion.
[Info   : Unity Log] PreGameRuleVoteController.ClientTransmitVotesToServer()
[Info   : Unity Log] Received vote from TypicalIllusion
[Info   : Unity Log] Accepting vote from TypicalIllusion
[Info   : Unity Log] Setting current language to "en"
[Info   : Unity Log] <style=cEvent>TypicalIllusion connected.</color>
[Info   : Unity Log] Saved file "e1650651-4da2-48d3-8884-765006312ddf.xml" (131515 bytes)
[Info   : Unity Log] Saved file "e1650651-4da2-48d3-8884-765006312ddf.xml" (131515 bytes)
[Info   : Unity Log] Saved file "e1650651-4da2-48d3-8884-765006312ddf.xml" (131540 bytes)
[Info   : Unity Log] Saved file "e1650651-4da2-48d3-8884-765006312ddf.xml" (131565 bytes)
[Info   : Unity Log] Saved file "e1650651-4da2-48d3-8884-765006312ddf.xml" (131859 bytes)
[Debug  :  Diluvian] Run started on difficulty index: Normal
[Info   : Unity Log] Unloaded scene lobby
[Info   : Unity Log] Active scene changed from  to blackbeach
[Info   : Unity Log] Loaded scene blackbeach loadSceneMode=Single
[Info   : Unity Log] OnClientSceneChanged networkSceneName=blackbeach currentSceneName=blackbeach
[Info   : Unity Log] Client ready.
[Info   : Unity Log] Player 0 already added, aborting.
[Info   : Unity Log] Spending 180 credits on interactables...
[Info   : Unity Log] MAP_BLACKBEACH_TITLE
[Info   : Unity Log] reorder list
[Info   : Unity Log] Chatbox showInput:True
[Info   : Unity Log] Chatbox showInput:False
[Warning: Unity Log] EntityState.PlayCrossfade: Zero duration is not allowed. type=LunarAltSpecial
[Warning: Unity Log] Animator.GotoState: State could not be found
[Warning: Unity Log] Invalid Layer Index '-1'
[Warning: Unity Log] Animator.GotoState: State could not be found
[Warning: Unity Log] Invalid Layer Index '-1'
[Warning: Unity Log] Animator.GotoState: State could not be found
[Warning: Unity Log] Invalid Layer Index '-1'
[Warning: Unity Log] Animator.GotoState: State could not be found
[Warning: Unity Log] Invalid Layer Index '-1'
[Warning: Unity Log] EntityState.PlayCrossfade: Zero duration is not allowed. type=LunarAltSpecial
[Info   : Unity Log] <style=cShrine>You are embraced by the healing warmth of the Woods.</color>
[Info   : Unity Log] <style=cEvent>You activated the <style=cDeath>Teleporter <sprite name="TP" tint=1></style>.</style>
[Info   : Unity Log] Could not spawn boss - resorting to basic monsters.
[Info   : Unity Log] Transfered 1.2 monster credits from Director (UnityEngine.GameObject) to Director (UnityEngine.GameObject)
[Info   : Unity Log] Transfered 13.28 monster credits from Director (UnityEngine.GameObject) to Teleporter1(Clone) (UnityEngine.GameObject)
[Info   : Unity Log] Transfered 0 monster credits from Teleporter1(Clone) (UnityEngine.GameObject) to Teleporter1(Clone) (UnityEngine.GameObject)
[Warning: Unity Log] EntityState.PlayCrossfade: Zero duration is not allowed. type=LunarAltSpecial
[Warning: Unity Log] Animator.GotoState: State could not be found
[Warning: Unity Log] Invalid Layer Index '-1'
[Warning: Unity Log] Animator.GotoState: State could not be found
[Warning: Unity Log] Invalid Layer Index '-1'
[Warning: Unity Log] Animator.GotoState: State could not be found
[Warning: Unity Log] Invalid Layer Index '-1'
[Error  : Unity Log] Object TitanRechargeRocksEffect(Clone) (UnityEngine.GameObject) should not be instantiated by means other than EffectManager.SpawnEffect. This WILL result in an NRE!!! Use EffectManager.SpawnEffect or don't use EffectComponent!!!!!
[Info   : Unity Log] <style=cDeath><sprite name="Skull" tint=1> It wasn't your time to die... <sprite name="Skull" tint=1></style>
[Info   : Unity Log] <color=#00FF80>TypicalIllusion</color> killed by <color=#FF8000>Lesser Wisp</color> (5.25 damage taken).
[Warning: Unity Log] Invalid Layer Index '-1'
[Info   : Unity Log] Could not save RunReport D:/Other Steam Games Besides Rainbow/steamapps/common/Risk of Rain 2/Risk of Rain 2_Data/RunReports/PreviousRun.xml: The ' ' character, hexadecimal value 0x20, cannot be included in a name.
[Info   : Unity Log] GameNetworkManager.desiredHost={ hostType=None }
[Info   : Unity Log] Network shutting down...
[Info   : Unity Log] Server shutting down...
[Info   : Unity Log] Issued kick message to all remote clients.
[Info   : Unity Log] Finished waiting for clients to disconnect.
[Info   : Unity Log] StopHost()
[Info   : Unity Log] Server shutdown complete.
[Warning: Unity Log] [Server] function 'System.Void RoR2.CombatSquad::OnMemberDestroyedServer(RoR2.OnDestroyCallback)' called on client
[Info   : Unity Log] Unloaded scene blackbeach
[Info   : Unity Log] Active scene changed from  to title
[Info   : Unity Log] Loaded scene title loadSceneMode=Single
[Info   : Unity Log] GameNetworkManager.desiredHost={ hostType=Self listen=False maxPlayers=4 }
[Message:  ReinCore] Server messages registered
[Info   :     R2API] Server Handlers registered
[Warning: Unity Log] The prefab 'ArenaMissionController' has multiple NetworkIdentity components. There can only be one NetworkIdentity on a prefab, and it must be on the root object.
[Message:  ReinCore] Client messages registered
[Info   :     R2API] Client Handlers registered
[Info   : Unity Log] Unloaded scene title
[Info   : Unity Log] FlashWindow.Flash(862572)
[Info   : Unity Log] Active scene changed from  to lobby
[Info   : Unity Log] Loaded scene lobby loadSceneMode=Single
[Info   : Unity Log] gridColumns=8,totalElements=17,gridRows=3,maxEntryCount=24
[Info   : Unity Log] Adding local player controller 0 on connection hostId: -1 connectionId: 0 isReady: False channel count: 0
[Info   : Unity Log] GameNetworkManager.AddPlayerInternal(conn=hostId: -1 connectionId: 0 isReady: False channel count: 0, playerControllerId=0, extraMessageReader=NetBuf sz:251 pos:251
[Info   : Unity Log] FlashWindow.Flash(862572)
[Info   : Unity Log] OnClientSceneChanged networkSceneName=lobby currentSceneName=lobby
[Error  : Unity Log] A connection has already been set as ready. There can only be one.
[Info   : Unity Log] Player 0 already added, aborting.
[Info   : Unity Log] subscribed
[Info   : Unity Log] Could not load config /Config/server_pregame.cfg: Could not find file "D:\Other Steam Games Besides Rainbow\steamapps\common\Risk of Rain 2\Risk of Rain 2_Data\Config\server_pregame.cfg"
[Info   : Unity Log] Attempting to generate PreGameVoteController for TypicalIllusion
[Info   : Unity Log] Applying persistent ballot of votes for LocalUser TypicalIllusion.
[Info   : Unity Log] PreGameRuleVoteController.ClientTransmitVotesToServer()
[Info   : Unity Log] Received vote from TypicalIllusion
[Info   : Unity Log] Accepting vote from TypicalIllusion
[Info   : Unity Log] Setting current language to "en"
[Info   : Unity Log] <style=cEvent>TypicalIllusion connected.</color>
[Info   : Unity Log] Saved file "e1650651-4da2-48d3-8884-765006312ddf.xml" (132155 bytes)
[Info   : Unity Log] Saved file "e1650651-4da2-48d3-8884-765006312ddf.xml" (132155 bytes)
[Info   : Unity Log] Saved file "e1650651-4da2-48d3-8884-765006312ddf.xml" (132155 bytes)
[Info   : Unity Log] Saved file "e1650651-4da2-48d3-8884-765006312ddf.xml" (132155 bytes)
[Info   : Unity Log] Saved file "e1650651-4da2-48d3-8884-765006312ddf.xml" (132155 bytes)
[Info   : Unity Log] Saved file "e1650651-4da2-48d3-8884-765006312ddf.xml" (131893 bytes)
[Info   : Unity Log] Saved file "e1650651-4da2-48d3-8884-765006312ddf.xml" (131921 bytes)
[Info   : Unity Log] Saved file "e1650651-4da2-48d3-8884-765006312ddf.xml" (131950 bytes)
[Info   : Unity Log] Saved file "e1650651-4da2-48d3-8884-765006312ddf.xml" (131953 bytes)
[Debug  :  Diluvian] Run started on difficulty index: Normal
[Info   : Unity Log] Unloaded scene lobby
[Info   : Unity Log] Active scene changed from  to golemplains
[Info   : Unity Log] Loaded scene golemplains loadSceneMode=Single
[Info   : Unity Log] OnClientSceneChanged networkSceneName=golemplains currentSceneName=golemplains
[Info   : Unity Log] Client ready.
[Info   : Unity Log] Player 0 already added, aborting.
[Info   : Unity Log] Spending 220 credits on interactables...
[Info   : Unity Log] MAP_GOLEMPLAINS_TITLE
[Info   : Unity Log] reorder list
[Info   : Unity Log] Chatbox showInput:True
[Info   : Unity Log] Chatbox showInput:False
[Error  : Unity Log] Object PodGroundImpact(Clone) (UnityEngine.GameObject) should not be instantiated by means other than EffectManager.SpawnEffect. This WILL result in an NRE!!! Use EffectManager.SpawnEffect or don't use EffectComponent!!!!!
[Debug  :     R2API] Hook added by assembly:  for: RoR2.DamageColor.FindColor
[Debug  :     R2API] Hook added by assembly:  for: RoR2.DamageColor.FindColor
[Debug  :     R2API] Hook added by assembly:  for: RoR2.DotController.RemoveAllDots
[Warning: Unity Log] Animator.GotoState: State could not be found
[Warning: Unity Log] Invalid Layer Index '-1'
[Info   : Unity Log] GameNetworkManager.desiredHost={ hostType=None }
[Info   : Unity Log] Network shutting down...
[Info   : Unity Log] Server shutting down...
[Info   : Unity Log] Issued kick message to all remote clients.
[Info   : Unity Log] Finished waiting for clients to disconnect.
[Info   : Unity Log] StopHost()
[Info   : Unity Log] Server shutdown complete.
[Info   : Unity Log] Unloaded scene golemplains
[Info   : Unity Log] Active scene changed from  to title
[Info   : Unity Log] Loaded scene title loadSceneMode=Single
[Info   : Unity Log] GameNetworkManager.desiredHost={ hostType=Self listen=False maxPlayers=4 }
[Message:  ReinCore] Server messages registered
[Info   :     R2API] Server Handlers registered
[Warning: Unity Log] The prefab 'ArenaMissionController' has multiple NetworkIdentity components. There can only be one NetworkIdentity on a prefab, and it must be on the root object.
[Message:  ReinCore] Client messages registered
[Info   :     R2API] Client Handlers registered
[Info   : Unity Log] Unloaded scene title
[Info   : Unity Log] FlashWindow.Flash(862572)
[Info   : Unity Log] Active scene changed from  to lobby
[Info   : Unity Log] Loaded scene lobby loadSceneMode=Single
[Info   : Unity Log] gridColumns=8,totalElements=17,gridRows=3,maxEntryCount=24
[Info   : Unity Log] Adding local player controller 0 on connection hostId: -1 connectionId: 0 isReady: False channel count: 0
[Info   : Unity Log] GameNetworkManager.AddPlayerInternal(conn=hostId: -1 connectionId: 0 isReady: False channel count: 0, playerControllerId=0, extraMessageReader=NetBuf sz:251 pos:251
[Info   : Unity Log] FlashWindow.Flash(862572)
[Info   : Unity Log] OnClientSceneChanged networkSceneName=lobby currentSceneName=lobby
[Error  : Unity Log] A connection has already been set as ready. There can only be one.
[Info   : Unity Log] Player 0 already added, aborting.
[Info   : Unity Log] subscribed
[Info   : Unity Log] Could not load config /Config/server_pregame.cfg: Could not find file "D:\Other Steam Games Besides Rainbow\steamapps\common\Risk of Rain 2\Risk of Rain 2_Data\Config\server_pregame.cfg"
[Info   : Unity Log] Attempting to generate PreGameVoteController for TypicalIllusion
[Info   : Unity Log] Applying persistent ballot of votes for LocalUser TypicalIllusion.
[Info   : Unity Log] PreGameRuleVoteController.ClientTransmitVotesToServer()
[Info   : Unity Log] Received vote from TypicalIllusion
[Info   : Unity Log] Accepting vote from TypicalIllusion
[Info   : Unity Log] Setting current language to "en"
[Info   : Unity Log] <style=cEvent>TypicalIllusion connected.</color>
[Info   : Unity Log] Saved file "e1650651-4da2-48d3-8884-765006312ddf.xml" (131954 bytes)
[Debug  :  Diluvian] Run started on difficulty index: Normal
[Info   : Unity Log] Unloaded scene lobby
[Info   : Unity Log] Active scene changed from  to blackbeach
[Info   : Unity Log] Loaded scene blackbeach loadSceneMode=Single
[Info   : Unity Log] OnClientSceneChanged networkSceneName=blackbeach currentSceneName=blackbeach
[Info   : Unity Log] Client ready.
[Info   : Unity Log] Player 0 already added, aborting.
[Info   : Unity Log] Spending 180 credits on interactables...
[Info   : Unity Log] MAP_BLACKBEACH_TITLE
[Info   : Unity Log] reorder list
[Info   : Unity Log] Chatbox showInput:True
[Info   : Unity Log] Chatbox showInput:False
[Error  : Unity Log] Object PodGroundImpact(Clone) (UnityEngine.GameObject) should not be instantiated by means other than EffectManager.SpawnEffect. This WILL result in an NRE!!! Use EffectManager.SpawnEffect or don't use EffectComponent!!!!!
[Warning: Unity Log] Animator.GotoState: State could not be found
[Warning: Unity Log] Invalid Layer Index '-1'
[Info   : Unity Log] <style=cShrine>You feel a searing pain. You have gained 32 gold.</color>
[Message:    Sniper] FixedUpdate; Line:121: NoSlash, dist: 15.3391
[Info   : Unity Log] Saved file "e1650651-4da2-48d3-8884-765006312ddf.xml" (131956 bytes)
[Info   : Unity Log] Shutting down Steamworks...
[Info   : Unity Log] Shut down Steamworks.
[Debug  :     R2API] Hook removed by assembly: RogueWisp.dll for: RoR2.CameraRigController.Start
[Debug  :     R2API] Hook removed by assembly: RogueWisp.dll for: RoR2.CharacterBody.Start
[Debug  :     R2API] Hook removed by assembly: RogueWisp.dll for: RoR2.CharacterBody.FixedUpdate
[Debug  :     R2API] Hook removed by assembly: RogueWisp.dll for: RoR2.CharacterBody.RecalculateStats
[Debug  :     R2API] Hook removed by assembly: RogueWisp.dll for: RoR2.CameraRigController.Start
[Debug  :     R2API] Hook removed by assembly: RogueWisp.dll for: RoR2.UI.CharacterSelectController.Awake
[Debug  :     R2API] Hook removed by assembly: RogueWisp.dll for: RoR2.Projectile.ProjectileController.Start
[Debug  :     R2API] Hook removed by assembly: Sniper.dll for: RoR2.CameraRigController.Start
[Info   : Unity Log] Transfered 9.6 monster credits from Director (UnityEngine.GameObject) to Director (UnityEngine.GameObject)
